<?xml version='1.0' encoding='UTF-8'?>
<testsuite hostname="caihao-Legion-5-Pro" name="wikipedia.WikipediaSuite" tests="5" errors="0" failures="0" skipped="0" time="4.252" timestamp="2022-01-04T22:33:56">
                     <properties>
      <property name="awt.toolkit" value="sun.awt.X11.XToolkit"/><property name="java.specification.version" value="11"/><property name="sun.cpu.isalist" value=""/><property name="sun.jnu.encoding" value="UTF-8"/><property name="sun.arch.data.model" value="64"/><property name="bootstrap.mainClass" value="xsbt.boot.Boot"/><property name="java.vendor.url" value="https://ubuntu.com/"/><property name="sun.boot.library.path" value="/usr/lib/jvm/java-11-openjdk-amd64/lib"/><property name="sun.java.command" value="/home/caihao/.local/share/coursier/bin/sbt"/><property name="jdk.debug" value="release"/><property name="java.specification.vendor" value="Oracle Corporation"/><property name="java.version.date" value="2021-10-19"/><property name="java.home" value="/usr/lib/jvm/java-11-openjdk-amd64"/><property name="file.separator" value="/"/><property name="java.vm.compressedOopsMode" value="Zero based"/><property name="line.separator" value="
"/><property name="java.specification.name" value="Java Platform API Specification"/><property name="java.vm.specification.vendor" value="Oracle Corporation"/><property name="sun.management.compiler" value="HotSpot 64-Bit Tiered Compilers"/><property name="java.runtime.version" value="11.0.13+8-Ubuntu-0ubuntu1.20.04"/><property name="user.name" value="caihao"/><property name="file.encoding" value="UTF-8"/><property name="jnidispatch.path" value="/tmp/jna--1367868693/jna11036990870484374418.tmp"/><property name="jna.loaded" value="true"/><property name="java.io.tmpdir" value="/tmp"/><property name="java.version" value="11.0.13"/><property name="java.vm.specification.name" value="Java Virtual Machine Specification"/><property name="java.awt.printerjob" value="sun.print.PSPrinterJob"/><property name="sun.os.patch.level" value="unknown"/><property name="java.library.path" value="/usr/java/packages/lib:/usr/lib/x86_64-linux-gnu/jni:/lib/x86_64-linux-gnu:/usr/lib/x86_64-linux-gnu:/usr/lib/jni:/lib:/usr/lib"/><property name="java.vendor" value="Ubuntu"/><property name="sun.io.unicode.encoding" value="UnicodeLittle"/><property name="sun.desktop" value="gnome"/><property name="java.class.path" value="/home/caihao/.local/share/coursier/bin/sbt:/home/caihao/.cache/coursier/v1/https/repo1.maven.org/maven2/io/get-coursier/sbt/sbt-runner/0.2.0/sbt-runner-0.2.0.jar:/home/caihao/.cache/coursier/v1/https/repo1.maven.org/maven2/org/scala-sbt/sbt-launch/1.6.1/sbt-launch-1.6.1.jar"/><property name="java.vm.vendor" value="Ubuntu"/><property name="coursier.mainJar" value="/home/caihao/.local/share/coursier/bin/sbt"/><property name="jline.shutdownhook" value="false"/><property name="user.timezone" value="America/Toronto"/><property name="os.name" value="Linux"/><property name="java.vm.specification.version" value="11"/><property name="sun.java.launcher" value="SUN_STANDARD"/><property name="user.country" value="CA"/><property name="sun.cpu.endian" value="little"/><property name="user.home" value="/home/caihao"/><property name="user.language" value="en"/><property name="java.awt.graphicsenv" value="sun.awt.X11GraphicsEnvironment"/><property name="jline.esc.timeout" value="0"/><property name="path.separator" value=":"/><property name="os.version" value="5.11.0-41-generic"/><property name="jna.nosys" value="true"/><property name="java.runtime.name" value="OpenJDK Runtime Environment"/><property name="java.vm.name" value="OpenJDK 64-Bit Server VM"/><property name="jna.platform.library.path" value="/usr/lib/x86_64-linux-gnu:/lib/x86_64-linux-gnu:/usr/lib64:/lib64:/usr/lib:/lib:/usr/lib/x86_64-linux-gnu/libfakeroot"/><property name="java.vendor.url.bug" value="https://bugs.launchpad.net/ubuntu/+source/openjdk-lts"/><property name="sbt-launch.version" value="1.6.1"/><property name="user.dir" value="/home/caihao/Desktop/spark_test/big_data_with_scala_and_spark_Coursera/wikipedia"/><property name="os.arch" value="amd64"/><property name="java.vm.info" value="mixed mode, sharing"/><property name="java.vm.version" value="11.0.13+8-Ubuntu-0ubuntu1.20.04"/><property name="java.class.version" value="55.0"/>
    </properties>
                     <testcase classname="wikipedia.WikipediaSuite" name="'rankLangsReduceByKey' should work for a simple RDD with five elements" time="3.773">
                                                 
                                               </testcase><testcase classname="wikipedia.WikipediaSuite" name="'occurrencesOfLang' should work for (specific) RDD with one element" time="0.069">
                                                 
                                               </testcase><testcase classname="wikipedia.WikipediaSuite" name="'rankLangs' should work for RDD with two elements" time="0.106">
                                                 
                                               </testcase><testcase classname="wikipedia.WikipediaSuite" name="'rankLangsUsingIndex' should work for a simple RDD with three elements" time="0.22">
                                                 
                                               </testcase><testcase classname="wikipedia.WikipediaSuite" name="'makeIndex' creates a simple index with two entries" time="0.084">
                                                 
                                               </testcase>
                     <system-out><![CDATA[]]></system-out>
                     <system-err><![CDATA[]]></system-err>
                   </testsuite>